[debug] > Exec(early(addDefaultCommands), None, None)
[debug] > Exec(addDefaultCommands, None, None)
[debug] > Exec(early(initialize), None, None)
[debug] > Exec(initialize, None, None)
[debug] > Exec(early(addPluginSbtFile="""C:\Users\enrico.fiumana2\AppData\Local\Temp\idea1.sbt"""), None, None)
[debug] > Exec(addPluginSbtFile="""C:\Users\enrico.fiumana2\AppData\Local\Temp\idea1.sbt""", None, None)
[debug] > Exec(boot, None, None)
[debug] > Exec(writeSbtVersion, None, None)
[debug] > Exec(reload, None, None)
[debug] > Exec(sbtStashOnFailure, None, None)
[debug] > Exec(onFailure loadFailed, None, None)
[debug] > Exec(loadp, None, None)
[info] welcome to sbt 1.10.2 (Oracle Corporation Java 18.0.2.1)
[debug] Load.defaultLoad until apply took 866.249ms
[debug]           Load.loadUnit: plugins took 249.0909ms
[debug]           Load.loadUnit: defsScala took 0.3565ms
[debug] [Loading] Scanning directory C:\Users\enrico.fiumana2\OneDrive - Alma Mater Studiorum Università di Bologna\Studio\V - Paradigmi di Programmazione e Sviluppo\Progetto\CampoMinato\project
[debug]             Load.loadUnit: mkEval took 8.3246ms
[debug] [Loading] Found non-root projects 
[debug] [Loading] Done in C:\Users\enrico.fiumana2\OneDrive - Alma Mater Studiorum Università di Bologna\Studio\V - Paradigmi di Programmazione e Sviluppo\Progetto\CampoMinato\project, returning: ()
[debug] deducing auto plugins based on known facts Set(Atom(sbt.plugins.CorePlugin)) and clauses Clauses(Clause(Atom(sbt.plugins.JvmPlugin),Set(Atom(sbt.plugins.IvyPlugin)))
[debug] Clause(Atom(sbt.ScriptedPlugin),Set(Atom(sbt.plugins.JvmPlugin)))
[debug] Clause(Atom(sbt.plugins.SbtPlugin),Set(Atom(sbt.ScriptedPlugin)))
[debug] Clause(Atom(sbt.plugins.SemanticdbPlugin),Set(Atom(sbt.plugins.JvmPlugin)))
[debug] Clause(Atom(sbt.plugins.JUnitXmlReportPlugin),Set(Atom(sbt.plugins.JvmPlugin)))
[debug] Clause(Atom(sbt.plugins.MiniDependencyTreePlugin),Set(Atom(sbt.plugins.JvmPlugin)))
[debug] Clause(Atom(sbt.plugins.CorePlugin),Set(Atom(sbt.plugins.IvyPlugin)))
[debug] Clause(Atom(sbt.plugins.IvyPlugin),Set(Atom(sbt.plugins.JvmPlugin)))
[debug] Clause(Atom(sbt.plugins.JvmPlugin),Set(Atom(sbt.plugins.SemanticdbPlugin)))
[debug] Clause(Atom(sbt.plugins.JvmPlugin),Set(Atom(sbt.plugins.JUnitXmlReportPlugin)))
[debug] Clause(Atom(sbt.plugins.CorePlugin),Set(Atom(sbt.plugins.Giter8TemplatePlugin)))
[debug] Clause(Atom(sbt.plugins.JvmPlugin),Set(Atom(sbt.plugins.MiniDependencyTreePlugin))))
[debug]   :: deduced result: Matched(sbt.plugins.CorePlugin,sbt.plugins.Giter8TemplatePlugin,sbt.plugins.IvyPlugin,sbt.plugins.JvmPlugin,sbt.plugins.MiniDependencyTreePlugin,sbt.plugins.JUnitXmlReportPlugin,sbt.plugins.SemanticdbPlugin)
[debug] Plugins.deducer#function took 19.3318 ms
[info] loading settings for project campominato-build from plugins.sbt,idea1.sbt ...
[debug]               Load.resolveProject(campominato-build) took 49.8936ms
[debug]             Load.loadTransitive: finalizeProject(Project(id campominato-build, base: C:\Users\enrico.fiumana2\OneDrive - Alma Mater Studiorum Università di Bologna\Studio\V - Paradigmi di Programmazione e Sviluppo\Progetto\CampoMinato\project, plugins: List(<none>))) took 80.1632ms
[debug] [Loading] Done in C:\Users\enrico.fiumana2\OneDrive - Alma Mater Studiorum Università di Bologna\Studio\V - Paradigmi di Programmazione e Sviluppo\Progetto\CampoMinato\project, returning: (campominato-build)
[debug]           Load.loadUnit: loadedProjectsRaw took 5363.839ms
[debug]           Load.loadUnit: cleanEvalClasses took 13.5014ms
[debug]         Load.loadUnit(file:/C:/Users/enrico.fiumana2/OneDrive%20-%20Alma%20Mater%20Studiorum%20Università%20di%20Bologna/Studio/V%20-%20Paradigmi%20di%20Programmazione%20e%20Sviluppo/Progetto/CampoMinato/project/, ...) took 5637.1697ms
[debug]       Load.apply: load took 5818.3805ms
[debug]       Load.apply: resolveProjects took 5.5687ms
[debug]       Load.apply: finalTransforms took 169.439ms
[debug]       Load.apply: config.delegates took 36.9706ms
[debug]       Load.apply: Def.make(settings)... took 1147.7744ms
[debug]       Load.apply: structureIndex took 218.8037ms
[debug]       Load.apply: mkStreams took 13.7908ms
[info] loading project definition from C:\Users\enrico.fiumana2\OneDrive - Alma Mater Studiorum Università di Bologna\Studio\V - Paradigmi di Programmazione e Sviluppo\Progetto\CampoMinato\project
[debug] Running task... Cancel: Signal, check cycles: false, forcegc: true
[debug]     Load.loadUnit: plugins took 11257.1705ms
[debug]     Load.loadUnit: defsScala took 0.0093ms
[debug] [Loading] Scanning directory C:\Users\enrico.fiumana2\OneDrive - Alma Mater Studiorum Università di Bologna\Studio\V - Paradigmi di Programmazione e Sviluppo\Progetto\CampoMinato
[debug]       Load.loadUnit: mkEval took 0.3566ms
[error] Type error in expression
[debug] > Exec(loadFailed, None, None)
[warn] Project loading failed: (r)etry, (q)uit, (l)ast, or (i)gnore? (default: r)
