[debug] > Exec(;reload; set _root_.org.jetbrains.sbt.StructureKeys.sbtStructureOptions in Global := "download, resolveSourceClassifiers, insertProjectTransitiveDependencies" ;preferScala2;*/*:dumpStructureTo C:/Users/enrico.fiumana2/AppData/Local/Temp/sbt-structure.xml; session clear-all ; set ideaPort in Global := 56573, None, None)
[debug] > Exec(reload, None, None)
[debug] > Exec(sbtStashOnFailure, None, None)
[debug] > Exec(onFailure loadFailed, None, None)
[debug] > Exec(loadp, None, None)
[info] welcome to sbt 1.10.2 (Oracle Corporation Java 18.0.2.1)
[debug] Load.defaultLoad until apply took 3.7479ms
[debug]           Load.loadUnit: plugins took 37.7413ms
[debug]           Load.loadUnit: defsScala took 0.004ms
[debug] [Loading] Scanning directory C:\Users\enrico.fiumana2\OneDrive - Alma Mater Studiorum Università di Bologna\Studio\V - Paradigmi di Programmazione e Sviluppo\Progetto\CampoMinato\project
[debug]             Load.loadUnit: mkEval took 0.4945ms
[debug] [Loading] Found non-root projects 
[debug] [Loading] Done in C:\Users\enrico.fiumana2\OneDrive - Alma Mater Studiorum Università di Bologna\Studio\V - Paradigmi di Programmazione e Sviluppo\Progetto\CampoMinato\project, returning: ()
[debug] deducing auto plugins based on known facts Set(Atom(sbt.plugins.CorePlugin)) and clauses Clauses(Clause(Atom(sbt.plugins.JvmPlugin),Set(Atom(sbt.plugins.IvyPlugin)))
[debug] Clause(Atom(sbt.ScriptedPlugin),Set(Atom(sbt.plugins.JvmPlugin)))
[debug] Clause(Atom(sbt.plugins.SbtPlugin),Set(Atom(sbt.ScriptedPlugin)))
[debug] Clause(Atom(sbt.plugins.SemanticdbPlugin),Set(Atom(sbt.plugins.JvmPlugin)))
[debug] Clause(Atom(sbt.plugins.JUnitXmlReportPlugin),Set(Atom(sbt.plugins.JvmPlugin)))
[debug] Clause(Atom(sbt.plugins.MiniDependencyTreePlugin),Set(Atom(sbt.plugins.JvmPlugin)))
[debug] Clause(Atom(sbt.plugins.CorePlugin),Set(Atom(sbt.plugins.IvyPlugin)))
[debug] Clause(Atom(sbt.plugins.IvyPlugin),Set(Atom(sbt.plugins.JvmPlugin)))
[debug] Clause(Atom(sbt.plugins.JvmPlugin),Set(Atom(sbt.plugins.SemanticdbPlugin)))
[debug] Clause(Atom(sbt.plugins.JvmPlugin),Set(Atom(sbt.plugins.JUnitXmlReportPlugin)))
[debug] Clause(Atom(sbt.plugins.CorePlugin),Set(Atom(sbt.plugins.Giter8TemplatePlugin)))
[debug] Clause(Atom(sbt.plugins.JvmPlugin),Set(Atom(sbt.plugins.MiniDependencyTreePlugin))))
[debug]   :: deduced result: Matched(sbt.plugins.CorePlugin,sbt.plugins.Giter8TemplatePlugin,sbt.plugins.IvyPlugin,sbt.plugins.JvmPlugin,sbt.plugins.MiniDependencyTreePlugin,sbt.plugins.JUnitXmlReportPlugin,sbt.plugins.SemanticdbPlugin)
[debug] Plugins.deducer#function took 1.9587 ms
[info] loading settings for project campominato-build from plugins.sbt,idea2.sbt ...
[debug]               Load.resolveProject(campominato-build) took 5.3462ms
[debug]             Load.loadTransitive: finalizeProject(Project(id campominato-build, base: C:\Users\enrico.fiumana2\OneDrive - Alma Mater Studiorum Università di Bologna\Studio\V - Paradigmi di Programmazione e Sviluppo\Progetto\CampoMinato\project, plugins: List(<none>))) took 8.2472ms
[debug] [Loading] Done in C:\Users\enrico.fiumana2\OneDrive - Alma Mater Studiorum Università di Bologna\Studio\V - Paradigmi di Programmazione e Sviluppo\Progetto\CampoMinato\project, returning: (campominato-build)
[debug]           Load.loadUnit: loadedProjectsRaw took 60.6836ms
[debug]           Load.loadUnit: cleanEvalClasses took 11.0482ms
[debug]         Load.loadUnit(file:/C:/Users/enrico.fiumana2/OneDrive%20-%20Alma%20Mater%20Studiorum%20Università%20di%20Bologna/Studio/V%20-%20Paradigmi%20di%20Programmazione%20e%20Sviluppo/Progetto/CampoMinato/project/, ...) took 110.9475ms
[debug]       Load.apply: load took 113.1751ms
[debug]       Load.apply: resolveProjects took 0.1913ms
[debug]       Load.apply: finalTransforms took 25.4059ms
[debug]       Load.apply: config.delegates took 0.5133ms
[debug]       Load.apply: Def.make(settings)... took 263.8822ms
[debug]       Load.apply: structureIndex took 30.5557ms
[debug]       Load.apply: mkStreams took 0.0039ms
[info] loading project definition from C:\Users\enrico.fiumana2\OneDrive - Alma Mater Studiorum Università di Bologna\Studio\V - Paradigmi di Programmazione e Sviluppo\Progetto\CampoMinato\project
[debug] Running task... Cancel: Signal, check cycles: false, forcegc: true
[debug]     Load.loadUnit: plugins took 970.6556ms
[debug]     Load.loadUnit: defsScala took 0.0037ms
[debug] [Loading] Scanning directory C:\Users\enrico.fiumana2\OneDrive - Alma Mater Studiorum Università di Bologna\Studio\V - Paradigmi di Programmazione e Sviluppo\Progetto\CampoMinato
[debug]       Load.loadUnit: mkEval took 0.4788ms
[debug] [Loading] Found root project root w/ remaining 
[debug] deducing auto plugins based on known facts Set(Atom(org.scalajs.sbtplugin.ScalaJSPlugin), Atom(sbt.plugins.CorePlugin)) and clauses Clauses(Clause(Atom(sbt.plugins.JvmPlugin),Set(Atom(sbt.plugins.IvyPlugin)))
[debug] Clause(Atom(sbt.ScriptedPlugin),Set(Atom(sbt.plugins.JvmPlugin)))
[debug] Clause(Atom(sbt.plugins.SbtPlugin),Set(Atom(sbt.ScriptedPlugin)))
[debug] Clause(Atom(sbt.plugins.SemanticdbPlugin),Set(Atom(sbt.plugins.JvmPlugin)))
[debug] Clause(Atom(sbt.plugins.JUnitXmlReportPlugin),Set(Atom(sbt.plugins.JvmPlugin)))
[debug] Clause(Atom(sbt.plugins.MiniDependencyTreePlugin),Set(Atom(sbt.plugins.JvmPlugin)))
[debug] Clause(Atom(org.scalajs.sbtplugin.ScalaJSPlugin),Set(Atom(sbt.plugins.JvmPlugin)))
[debug] Clause(Atom(org.jetbrains.sbt.StructurePlugin),Set(Atom(sbt.plugins.JvmPlugin)))
[debug] Clause(Atom(org.jetbrains.sbt.IdeaShellPlugin),Set(Atom(sbt.plugins.JvmPlugin)))
[debug] Clause(Atom(org.jetbrains.sbt.indices.SbtIntellijIndicesPlugin),Set(Atom(sbt.plugins.JvmPlugin)))
[debug] Clause(Atom(org.portablescala.sbtplatformdeps.PlatformDepsPlugin),Set(Atom(sbt.plugins.JvmPlugin)))
[debug] Clause(Atom(sbt.plugins.CorePlugin),Set(Atom(sbt.plugins.IvyPlugin)))
[debug] Clause(Atom(sbt.plugins.IvyPlugin),Set(Atom(sbt.plugins.JvmPlugin)))
[debug] Clause(Atom(sbt.plugins.JvmPlugin),Set(Atom(sbt.plugins.SemanticdbPlugin)))
[debug] Clause(Atom(sbt.plugins.JvmPlugin),Set(Atom(sbt.plugins.JUnitXmlReportPlugin)))
[debug] Clause(Atom(sbt.plugins.CorePlugin),Set(Atom(sbt.plugins.Giter8TemplatePlugin)))
[debug] Clause(Atom(sbt.plugins.JvmPlugin),Set(Atom(sbt.plugins.MiniDependencyTreePlugin)))
[debug] Clause(Atom(sbt.plugins.JvmPlugin),Set(Atom(org.jetbrains.sbt.StructurePlugin)))
[debug] Clause(Atom(sbt.plugins.JvmPlugin),Set(Atom(org.jetbrains.sbt.IdeaShellPlugin)))
[debug] Clause(And(Set(Atom(sbt.plugins.CorePlugin), Atom(sbt.plugins.JvmPlugin))),Set(Atom(org.jetbrains.sbt.indices.SbtIntellijIndicesPlugin)))
[debug] Clause(Atom(sbt.plugins.JvmPlugin),Set(Atom(org.portablescala.sbtplatformdeps.PlatformDepsPlugin))))
[debug]   :: deduced result: Matched(sbt.plugins.CorePlugin,org.scalajs.sbtplugin.ScalaJSPlugin,sbt.plugins.Giter8TemplatePlugin,sbt.plugins.IvyPlugin,sbt.plugins.JvmPlugin,org.portablescala.sbtplatformdeps.PlatformDepsPlugin,sbt.plugins.SemanticdbPlugin,org.jetbrains.sbt.indices.SbtIntellijIndicesPlugin,sbt.plugins.JUnitXmlReportPlugin,org.jetbrains.sbt.IdeaShellPlugin,org.jetbrains.sbt.StructurePlugin,sbt.plugins.MiniDependencyTreePlugin)
[debug] Plugins.deducer#function took 3.3299 ms
[info] loading settings for project root from build.sbt ...
[debug]         Load.resolveProject(root) took 52.8763ms
[debug]       Load.loadTransitive: finalizeProject(Project(id root, base: C:\Users\enrico.fiumana2\OneDrive - Alma Mater Studiorum Università di Bologna\Studio\V - Paradigmi di Programmazione e Sviluppo\Progetto\CampoMinato, plugins: List(<none>))) took 57.0195ms
[debug] [Loading] Done in C:\Users\enrico.fiumana2\OneDrive - Alma Mater Studiorum Università di Bologna\Studio\V - Paradigmi di Programmazione e Sviluppo\Progetto\CampoMinato, returning: (root)
[debug]     Load.loadUnit: loadedProjectsRaw took 214.332ms
[debug]     Load.loadUnit: cleanEvalClasses took 32.7814ms
[debug]   Load.loadUnit(file:/C:/Users/enrico.fiumana2/OneDrive%20-%20Alma%20Mater%20Studiorum%20Università%20di%20Bologna/Studio/V%20-%20Paradigmi%20di%20Programmazione%20e%20Sviluppo/Progetto/CampoMinato/, ...) took 1219.2078ms
[debug] Load.apply: load took 1221.6964ms
[debug] Load.apply: resolveProjects took 0.1249ms
[debug] Load.apply: finalTransforms took 37.4755ms
[debug] Load.apply: config.delegates took 0.4894ms
[debug] Load.apply: Def.make(settings)... took 205.699ms
[debug] Load.apply: structureIndex took 25.6162ms
[debug] Load.apply: mkStreams took 0.0043ms
[warn] Discarding 1 session setting.  Use 'session save' to persist session settings.
[info] set current project to CampoMinato (in build file:/C:/Users/enrico.fiumana2/OneDrive%20-%20Alma%20Mater%20Studiorum%20Università%20di%20Bologna/Studio/V%20-%20Paradigmi%20di%20Programmazione%20e%20Sviluppo/Progetto/CampoMinato/)
[debug] > Exec(sbtPopOnFailure, None, None)
[debug] > Exec(resumeFromFailure, None, None)
[debug] > Exec(set _root_.org.jetbrains.sbt.StructureKeys.sbtStructureOptions in Global := "download, resolveSourceClassifiers, insertProjectTransitiveDependencies", None, None)
[info] Defining Global / sbtStructureOptions
[info] The new value will be used by Global / ssOptions
[debug] Defining 
[debug] 	Global / sbtStructureOptions
[debug] 
[debug] The new value will be used by 
[debug] 	Global / ssOptions
[info] Reapplying settings...
[info] set current project to CampoMinato (in build file:/C:/Users/enrico.fiumana2/OneDrive%20-%20Alma%20Mater%20Studiorum%20Università%20di%20Bologna/Studio/V%20-%20Paradigmi%20di%20Programmazione%20e%20Sviluppo/Progetto/CampoMinato/)
[debug] > Exec(preferScala2, None, None)
[debug] > Exec(*/*:dumpStructureTo C:/Users/enrico.fiumana2/AppData/Local/Temp/sbt-structure.xml, None, None)
[debug] Evaluating tasks: Global / dumpStructureTo
[warn] sbt 0.13 shell syntax is deprecated; use slash syntax instead: Global / dumpStructureTo
[debug] Running task... Cancel: Signal, check cycles: false, forcegc: true
[info] Writing structure to C:\Users\enrico.fiumana2\AppData\Local\Temp\sbt-structure.xml...
[info] Done.
[success] Total time: 4 s, completed 27 ott 2024, 11:40:35
[debug] > Exec(session clear-all, None, None)
[info] Reapplying settings...
[info] set current project to CampoMinato (in build file:/C:/Users/enrico.fiumana2/OneDrive%20-%20Alma%20Mater%20Studiorum%20Università%20di%20Bologna/Studio/V%20-%20Paradigmi%20di%20Programmazione%20e%20Sviluppo/Progetto/CampoMinato/)
[debug] > Exec(set ideaPort in Global := 56573, None, None)
[info] Defining Global / ideaPort
[info] The new value will be used by Compile / compile, Test / compile
[debug] Defining 
[debug] 	Global / ideaPort
[debug] 
[debug] The new value will be used by 
[debug] 	Compile / compile
[debug] 	Test / compile
[info] Reapplying settings...
[info] set current project to CampoMinato (in build file:/C:/Users/enrico.fiumana2/OneDrive%20-%20Alma%20Mater%20Studiorum%20Università%20di%20Bologna/Studio/V%20-%20Paradigmi%20di%20Programmazione%20e%20Sviluppo/Progetto/CampoMinato/)
[debug] > Exec(idea-shell, None, None)
