[debug] > Exec(early(addDefaultCommands), None, None)
[debug] > Exec(addDefaultCommands, None, None)
[debug] > Exec(early(initialize), None, None)
[debug] > Exec(initialize, None, None)
[debug] > Exec(early(addPluginSbtFile="""C:\Users\enrico.fiumana2\AppData\Local\Temp\idea2.sbt"""), None, None)
[debug] > Exec(addPluginSbtFile="""C:\Users\enrico.fiumana2\AppData\Local\Temp\idea2.sbt""", None, None)
[debug] > Exec(boot, None, None)
[debug] > Exec(writeSbtVersion, None, None)
[debug] > Exec(reload, None, None)
[debug] > Exec(sbtStashOnFailure, None, None)
[debug] > Exec(onFailure loadFailed, None, None)
[debug] > Exec(loadp, None, None)
[info] welcome to sbt 1.10.2 (Oracle Corporation Java 18.0.2.1)
[debug] Load.defaultLoad until apply took 572.2018ms
[debug]           Load.loadUnit: plugins took 157.6503ms
[debug]           Load.loadUnit: defsScala took 0.3453ms
[debug] [Loading] Scanning directory C:\Users\enrico.fiumana2\OneDrive - Alma Mater Studiorum Università di Bologna\Studio\V - Paradigmi di Programmazione e Sviluppo\Progetto\CampoMinato\project
[debug]             Load.loadUnit: mkEval took 7.8072ms
[debug] [Loading] Found non-root projects 
[debug] [Loading] Done in C:\Users\enrico.fiumana2\OneDrive - Alma Mater Studiorum Università di Bologna\Studio\V - Paradigmi di Programmazione e Sviluppo\Progetto\CampoMinato\project, returning: ()
[debug] deducing auto plugins based on known facts Set(Atom(sbt.plugins.CorePlugin)) and clauses Clauses(Clause(Atom(sbt.plugins.JvmPlugin),Set(Atom(sbt.plugins.IvyPlugin)))
[debug] Clause(Atom(sbt.ScriptedPlugin),Set(Atom(sbt.plugins.JvmPlugin)))
[debug] Clause(Atom(sbt.plugins.SbtPlugin),Set(Atom(sbt.ScriptedPlugin)))
[debug] Clause(Atom(sbt.plugins.SemanticdbPlugin),Set(Atom(sbt.plugins.JvmPlugin)))
[debug] Clause(Atom(sbt.plugins.JUnitXmlReportPlugin),Set(Atom(sbt.plugins.JvmPlugin)))
[debug] Clause(Atom(sbt.plugins.MiniDependencyTreePlugin),Set(Atom(sbt.plugins.JvmPlugin)))
[debug] Clause(Atom(sbt.plugins.CorePlugin),Set(Atom(sbt.plugins.IvyPlugin)))
[debug] Clause(Atom(sbt.plugins.IvyPlugin),Set(Atom(sbt.plugins.JvmPlugin)))
[debug] Clause(Atom(sbt.plugins.JvmPlugin),Set(Atom(sbt.plugins.SemanticdbPlugin)))
[debug] Clause(Atom(sbt.plugins.JvmPlugin),Set(Atom(sbt.plugins.JUnitXmlReportPlugin)))
[debug] Clause(Atom(sbt.plugins.CorePlugin),Set(Atom(sbt.plugins.Giter8TemplatePlugin)))
[debug] Clause(Atom(sbt.plugins.JvmPlugin),Set(Atom(sbt.plugins.MiniDependencyTreePlugin))))
[debug]   :: deduced result: Matched(sbt.plugins.CorePlugin,sbt.plugins.Giter8TemplatePlugin,sbt.plugins.IvyPlugin,sbt.plugins.JvmPlugin,sbt.plugins.MiniDependencyTreePlugin,sbt.plugins.JUnitXmlReportPlugin,sbt.plugins.SemanticdbPlugin)
[debug] Plugins.deducer#function took 25.3675 ms
[info] loading settings for project campominato-build from plugins.sbt,idea2.sbt ...
[debug]               Load.resolveProject(campominato-build) took 73.2008ms
[debug]             Load.loadTransitive: finalizeProject(Project(id campominato-build, base: C:\Users\enrico.fiumana2\OneDrive - Alma Mater Studiorum Università di Bologna\Studio\V - Paradigmi di Programmazione e Sviluppo\Progetto\CampoMinato\project, plugins: List(<none>))) took 125.4545ms
[debug] [Loading] Done in C:\Users\enrico.fiumana2\OneDrive - Alma Mater Studiorum Università di Bologna\Studio\V - Paradigmi di Programmazione e Sviluppo\Progetto\CampoMinato\project, returning: (campominato-build)
[debug]           Load.loadUnit: loadedProjectsRaw took 628.0078ms
[debug]           Load.loadUnit: cleanEvalClasses took 20.524ms
[debug]         Load.loadUnit(file:/C:/Users/enrico.fiumana2/OneDrive%20-%20Alma%20Mater%20Studiorum%20Università%20di%20Bologna/Studio/V%20-%20Paradigmi%20di%20Programmazione%20e%20Sviluppo/Progetto/CampoMinato/project/, ...) took 815.0575ms
[debug]       Load.apply: load took 995.0714ms
[debug]       Load.apply: resolveProjects took 9.1038ms
[debug]       Load.apply: finalTransforms took 144.3804ms
[debug]       Load.apply: config.delegates took 13.2555ms
[debug]       Load.apply: Def.make(settings)... took 1150.578ms
[debug]       Load.apply: structureIndex took 231.8067ms
[debug]       Load.apply: mkStreams took 10.2476ms
[info] loading project definition from C:\Users\enrico.fiumana2\OneDrive - Alma Mater Studiorum Università di Bologna\Studio\V - Paradigmi di Programmazione e Sviluppo\Progetto\CampoMinato\project
[debug] Running task... Cancel: Signal, check cycles: false, forcegc: true
[debug]     Load.loadUnit: plugins took 4562.2371ms
[debug]     Load.loadUnit: defsScala took 0.0053ms
[debug] [Loading] Scanning directory C:\Users\enrico.fiumana2\OneDrive - Alma Mater Studiorum Università di Bologna\Studio\V - Paradigmi di Programmazione e Sviluppo\Progetto\CampoMinato
[debug]       Load.loadUnit: mkEval took 0.5563ms
[debug] [Loading] Found root project root w/ remaining 
[debug] deducing auto plugins based on known facts Set(Atom(org.scalajs.sbtplugin.ScalaJSPlugin), Atom(sbt.plugins.CorePlugin)) and clauses Clauses(Clause(Atom(sbt.plugins.JvmPlugin),Set(Atom(sbt.plugins.IvyPlugin)))
[debug] Clause(Atom(sbt.ScriptedPlugin),Set(Atom(sbt.plugins.JvmPlugin)))
[debug] Clause(Atom(sbt.plugins.SbtPlugin),Set(Atom(sbt.ScriptedPlugin)))
[debug] Clause(Atom(sbt.plugins.SemanticdbPlugin),Set(Atom(sbt.plugins.JvmPlugin)))
[debug] Clause(Atom(sbt.plugins.JUnitXmlReportPlugin),Set(Atom(sbt.plugins.JvmPlugin)))
[debug] Clause(Atom(sbt.plugins.MiniDependencyTreePlugin),Set(Atom(sbt.plugins.JvmPlugin)))
[debug] Clause(Atom(org.scalajs.sbtplugin.ScalaJSPlugin),Set(Atom(sbt.plugins.JvmPlugin)))
[debug] Clause(Atom(org.jetbrains.sbt.StructurePlugin),Set(Atom(sbt.plugins.JvmPlugin)))
[debug] Clause(Atom(org.jetbrains.sbt.IdeaShellPlugin),Set(Atom(sbt.plugins.JvmPlugin)))
[debug] Clause(Atom(org.jetbrains.sbt.indices.SbtIntellijIndicesPlugin),Set(Atom(sbt.plugins.JvmPlugin)))
[debug] Clause(Atom(org.portablescala.sbtplatformdeps.PlatformDepsPlugin),Set(Atom(sbt.plugins.JvmPlugin)))
[debug] Clause(Atom(sbt.plugins.CorePlugin),Set(Atom(sbt.plugins.IvyPlugin)))
[debug] Clause(Atom(sbt.plugins.IvyPlugin),Set(Atom(sbt.plugins.JvmPlugin)))
[debug] Clause(Atom(sbt.plugins.JvmPlugin),Set(Atom(sbt.plugins.SemanticdbPlugin)))
[debug] Clause(Atom(sbt.plugins.JvmPlugin),Set(Atom(sbt.plugins.JUnitXmlReportPlugin)))
[debug] Clause(Atom(sbt.plugins.CorePlugin),Set(Atom(sbt.plugins.Giter8TemplatePlugin)))
[debug] Clause(Atom(sbt.plugins.JvmPlugin),Set(Atom(sbt.plugins.MiniDependencyTreePlugin)))
[debug] Clause(Atom(sbt.plugins.JvmPlugin),Set(Atom(org.jetbrains.sbt.StructurePlugin)))
[debug] Clause(Atom(sbt.plugins.JvmPlugin),Set(Atom(org.jetbrains.sbt.IdeaShellPlugin)))
[debug] Clause(And(Set(Atom(sbt.plugins.CorePlugin), Atom(sbt.plugins.JvmPlugin))),Set(Atom(org.jetbrains.sbt.indices.SbtIntellijIndicesPlugin)))
[debug] Clause(Atom(sbt.plugins.JvmPlugin),Set(Atom(org.portablescala.sbtplatformdeps.PlatformDepsPlugin))))
[debug]   :: deduced result: Matched(sbt.plugins.CorePlugin,org.scalajs.sbtplugin.ScalaJSPlugin,sbt.plugins.Giter8TemplatePlugin,sbt.plugins.IvyPlugin,sbt.plugins.JvmPlugin,org.portablescala.sbtplatformdeps.PlatformDepsPlugin,sbt.plugins.SemanticdbPlugin,org.jetbrains.sbt.indices.SbtIntellijIndicesPlugin,sbt.plugins.JUnitXmlReportPlugin,org.jetbrains.sbt.IdeaShellPlugin,org.jetbrains.sbt.StructurePlugin,sbt.plugins.MiniDependencyTreePlugin)
[debug] Plugins.deducer#function took 3.8289 ms
[info] loading settings for project root from build.sbt ...
[debug]         Load.resolveProject(root) took 55.3655ms
[debug]       Load.loadTransitive: finalizeProject(Project(id root, base: C:\Users\enrico.fiumana2\OneDrive - Alma Mater Studiorum Università di Bologna\Studio\V - Paradigmi di Programmazione e Sviluppo\Progetto\CampoMinato, plugins: List(<none>))) took 61.9849ms
[debug] [Loading] Done in C:\Users\enrico.fiumana2\OneDrive - Alma Mater Studiorum Università di Bologna\Studio\V - Paradigmi di Programmazione e Sviluppo\Progetto\CampoMinato, returning: (root)
[debug]     Load.loadUnit: loadedProjectsRaw took 323.5507ms
[debug]     Load.loadUnit: cleanEvalClasses took 46.3674ms
[debug]   Load.loadUnit(file:/C:/Users/enrico.fiumana2/OneDrive%20-%20Alma%20Mater%20Studiorum%20Università%20di%20Bologna/Studio/V%20-%20Paradigmi%20di%20Programmazione%20e%20Sviluppo/Progetto/CampoMinato/, ...) took 4936.6956ms
[debug] Load.apply: load took 5099.2324ms
[debug] Load.apply: resolveProjects took 0.3892ms
[debug] Load.apply: finalTransforms took 59.249ms
[debug] Load.apply: config.delegates took 0.6392ms
[debug] Load.apply: Def.make(settings)... took 229.377ms
[debug] Load.apply: structureIndex took 52.7576ms
[debug] Load.apply: mkStreams took 0.0042ms
[info] set current project to CampoMinato (in build file:/C:/Users/enrico.fiumana2/OneDrive%20-%20Alma%20Mater%20Studiorum%20Università%20di%20Bologna/Studio/V%20-%20Paradigmi%20di%20Programmazione%20e%20Sviluppo/Progetto/CampoMinato/)
[debug] > Exec(sbtPopOnFailure, None, None)
[debug] > Exec(resumeFromFailure, None, None)
[debug] > Exec(notifyUsersAboutShell, None, None)
[debug] > Exec(iflast shell, None, None)
[debug] > Exec(; set ideaPort in Global := 56573 ; idea-shell, None, None)
[debug] > Exec(set ideaPort in Global := 56573, None, None)
[info] Defining Global / ideaPort
[info] The new value will be used by Compile / compile, Test / compile
[debug] Defining 
[debug] 	Global / ideaPort
[debug] 
[debug] The new value will be used by 
[debug] 	Compile / compile
[debug] 	Test / compile
[info] Reapplying settings...
[info] set current project to CampoMinato (in build file:/C:/Users/enrico.fiumana2/OneDrive%20-%20Alma%20Mater%20Studiorum%20Università%20di%20Bologna/Studio/V%20-%20Paradigmi%20di%20Programmazione%20e%20Sviluppo/Progetto/CampoMinato/)
[debug] > Exec(idea-shell, None, None)
